\BOOKMARK [0][-]{chapter.1}{\376\377\000I\000n\000t\000r\000o\000d\000u\000c\000c\000i\000\363\000n\000\040\000\050\000T\000O\000D\000O\000\051}{}% 1
\BOOKMARK [0][-]{chapter.2}{\376\377\000O\000p\000t\000i\000m\000i\000z\000a\000c\000i\000\363\000n\000\040\000p\000o\000r\000\040\000c\000u\000a\000d\000r\000a\000d\000o\000s\000\040\000m\000\355\000n\000i\000m\000o\000s}{}% 2
\BOOKMARK [1][-]{section.2.1}{\376\377\000C\000u\000a\000d\000r\000a\000d\000o\000s\000\040\000m\000\355\000n\000i\000m\000o\000s\000\040\000l\000i\000n\000e\000a\000l\000e\000s}{chapter.2}% 3
\BOOKMARK [1][-]{section.2.2}{\376\377\000C\000u\000a\000d\000r\000a\000d\000o\000s\000\040\000m\000\355\000n\000i\000m\000o\000s\000\040\000n\000o\000\040\000l\000i\000n\000e\000a\000l\000e\000s}{chapter.2}% 4
\BOOKMARK [0][-]{chapter.3}{Basalt}{}% 5
\BOOKMARK [1][-]{section.3.1}{\376\377\000P\000r\000o\000b\000l\000e\000m\000\341\000t\000i\000c\000a\000s\000\040\000p\000r\000e\000l\000i\000m\000i\000n\000a\000r\000e\000s}{chapter.3}% 6
\BOOKMARK [1][-]{section.3.2}{Propuesta}{chapter.3}% 7
\BOOKMARK [1][-]{section.3.3}{\376\377\000I\000m\000p\000l\000e\000m\000e\000n\000t\000a\000c\000i\000\363\000n}{chapter.3}% 8
\BOOKMARK [2][-]{subsection.3.3.1}{\376\377\000O\000d\000o\000m\000e\000t\000r\000\355\000a\000\040\000v\000i\000s\000u\000a\000l\000-\000i\000n\000e\000r\000c\000i\000a\000l}{section.3.3}% 9
\BOOKMARK [3][-]{subsubsection.3.3.1.1}{Optical\040flow}{subsection.3.3.1}% 10
\BOOKMARK [3][-]{subsubsection.3.3.1.2}{Bundle\040adjustment\040visual-inercial}{subsection.3.3.1}% 11
\BOOKMARK [0][-]{chapter.4}{Contribuciones}{}% 12
\BOOKMARK [1][-]{section.4.1}{Contexto}{chapter.4}% 13
\BOOKMARK [1][-]{section.4.2}{Tracking\040por\040SLAM\040para\040Monado}{chapter.4}% 14
\BOOKMARK [2][-]{subsection.4.2.1}{Interfaz\040externa}{section.4.2}% 15
\BOOKMARK [2][-]{subsection.4.2.2}{Implementaciones\040de\040la\040interfaz}{section.4.2}% 16
\BOOKMARK [2][-]{subsection.4.2.3}{Clase\040adaptadora}{section.4.2}% 17
\BOOKMARK [3][-]{subsubsection.4.2.3.1}{\376\377\000P\000r\000e\000d\000i\000c\000c\000i\000\363\000n\000\040\000d\000e\000\040\000p\000o\000s\000e\000s}{subsection.4.2.3}% 18
\BOOKMARK [3][-]{subsubsection.4.2.3.2}{Filtrado\040de\040poses}{subsection.4.2.3}% 19
\BOOKMARK [2][-]{subsection.4.2.4}{Recapitulando}{section.4.2}% 20
\BOOKMARK [1][-]{section.4.3}{Controladores\040en\040Monado}{chapter.4}% 21
\BOOKMARK [0][-]{chapter*.18}{References}{}% 22
